<?xml version="1.0" encoding="UTF-8"?>
<!-- Generated by org.testng.reporters.JUnitReportReporter -->
<testsuite skipped="0" hostname="BLR-2FFDJM2-10L" name="com.reqresAPI.RestAssuredAutomation.PutUpdateUserDetails" tests="1" failures="0" timestamp="2020-11-01T23:15:17 IST" time="1.386" errors="0">
  <testcase name="verifyPutUserDetails" time="1.386" classname="com.reqresAPI.RestAssuredAutomation.PutUpdateUserDetails"/>
  <system-out/>
</testsuite> <!-- com.reqresAPI.RestAssuredAutomation.PutUpdateUserDetails -->
